{"name": "test_allure_report[chrome]", "status": "failed", "statusDetails": {"message": "AssertionError: 登录失败！\nassert True is not True", "trace": "pc\\test_cost_bill.py:611: in test_allure_report\n    assert result is not True, '登录失败！'\nE   AssertionError: 登录失败！\nE   assert True is not True"}, "attachments": [{"name": "测试用例结束截图！", "source": "1c57ceb5-bb5f-45f9-b300-ef29b511a818-attachment.png", "type": "image/png"}, {"name": "log", "source": "373e5808-faeb-4b3b-b1ae-bfe7d467e5a7-attachment.txt", "type": "text/plain"}, {"name": "stderr", "source": "f0cf98d7-df2b-47eb-afa0-18db558fa6a1-attachment.txt", "type": "text/plain"}], "parameters": [{"name": "multi_browser_driver", "value": "'chrome'"}], "start": 1564486816033, "stop": 1564486852461, "uuid": "ba8c19a0-c914-4e17-9e3c-a66e674f715e", "historyId": "55818c81663d44b0cef8c649e9c2873d", "fullName": "pc.test_cost_bill#test_allure_report[chrome]", "labels": [{"name": "feature", "value": "test"}, {"name": "tag", "value": "test"}, {"name": "parentSuite", "value": "pc"}, {"name": "suite", "value": "test_cost_bill"}, {"name": "subSuite"}, {"name": "host", "value": "W7-201707071701"}, {"name": "thread", "value": "7560-MainThread"}, {"name": "framework", "value": "pytest"}, {"name": "language", "value": "cpython3"}, {"name": "package", "value": "pc.test_cost_bill"}]}