{"name": "test_allure_report[chrome]", "status": "failed", "statusDetails": {"message": "AssertionError: 登录失败！\nassert True is not True", "trace": "pc\\test_cost_bill.py:615: in test_allure_report\n    assert result is not True, '登录失败！'\nE   AssertionError: 登录失败！\nE   assert True is not True"}, "attachments": [{"name": "错误截图！", "source": "995cd712-4f27-4add-b06c-73c8eaa2cc29-attachment.png", "type": "image/png"}, {"name": "log", "source": "af5130ae-d008-400c-ac95-ba430b2915d4-attachment.txt", "type": "text/plain"}, {"name": "stderr", "source": "aa2dc9df-da5b-4811-b051-1c3ea3d8f35d-attachment.txt", "type": "text/plain"}], "parameters": [{"name": "multi_browser_driver", "value": "'chrome'"}], "start": 1564568193512, "stop": 1564568263082, "uuid": "1d998eb0-128a-4b70-a5ae-789a9194898c", "historyId": "55818c81663d44b0cef8c649e9c2873d", "fullName": "pc.test_cost_bill#test_allure_report[chrome]", "labels": [{"name": "feature", "value": "test"}, {"name": "tag", "value": "test"}, {"name": "parentSuite", "value": "pc"}, {"name": "suite", "value": "test_cost_bill"}, {"name": "subSuite"}, {"name": "host", "value": "W7-201707071701"}, {"name": "thread", "value": "7944-MainThread"}, {"name": "framework", "value": "pytest"}, {"name": "language", "value": "cpython3"}, {"name": "package", "value": "pc.test_cost_bill"}]}