{
  "uid" : "acabcf1096854c9a",
  "name" : "test_allure_report[chrome]",
  "fullName" : "pc.test_cost_bill#test_allure_report[chrome]",
  "historyId" : "55818c81663d44b0cef8c649e9c2873d",
  "time" : {
    "start" : 1564486559549,
    "stop" : 1564486596673,
    "duration" : 37124
  },
  "status" : "broken",
  "statusMessage" : "FileNotFoundError: [Errno 2] No such file or directory: 'D:\\\\django_study\\\\pytest_test_framework\\\\tests\\\\screenshot\\\\2019-07-30_19_36_36_excepiton.png'",
  "statusTrace" : "..\\..\\common\\decorator.py:12: in wrapper\n    return func(*args, **kw)\npc\\test_cost_bill.py:611: in test_allure_report\n    assert result is not True, '登录失败！'\nE   AssertionError: 登录失败！\nE   assert True is not True\n\nDuring handling of the above exception, another exception occurred:\n..\\..\\common\\decorator.py:18: in wrapper\n    file = open(save, 'rb').read()\nE   FileNotFoundError: [Errno 2] No such file or directory: 'D:\\\\django_study\\\\pytest_test_framework\\\\tests\\\\screenshot\\\\2019-07-30_19_36_36_excepiton.png'",
  "flaky" : false,
  "newFailed" : false,
  "beforeStages" : [ {
    "name" : "__pytest_repeat_step_number",
    "time" : {
      "start" : 1564486556532,
      "stop" : 1564486556532,
      "duration" : 0
    },
    "status" : "passed",
    "steps" : [ ],
    "attachments" : [ ],
    "parameters" : [ ],
    "stepsCount" : 0,
    "hasContent" : false,
    "attachmentsCount" : 0,
    "shouldDisplayMessage" : false
  }, {
    "name" : "multi_browser_driver",
    "time" : {
      "start" : 1564486556532,
      "stop" : 1564486559548,
      "duration" : 3016
    },
    "status" : "passed",
    "steps" : [ ],
    "attachments" : [ ],
    "parameters" : [ ],
    "stepsCount" : 0,
    "hasContent" : false,
    "attachmentsCount" : 0,
    "shouldDisplayMessage" : false
  } ],
  "testStage" : {
    "status" : "broken",
    "statusMessage" : "FileNotFoundError: [Errno 2] No such file or directory: 'D:\\\\django_study\\\\pytest_test_framework\\\\tests\\\\screenshot\\\\2019-07-30_19_36_36_excepiton.png'",
    "statusTrace" : "..\\..\\common\\decorator.py:12: in wrapper\n    return func(*args, **kw)\npc\\test_cost_bill.py:611: in test_allure_report\n    assert result is not True, '登录失败！'\nE   AssertionError: 登录失败！\nE   assert True is not True\n\nDuring handling of the above exception, another exception occurred:\n..\\..\\common\\decorator.py:18: in wrapper\n    file = open(save, 'rb').read()\nE   FileNotFoundError: [Errno 2] No such file or directory: 'D:\\\\django_study\\\\pytest_test_framework\\\\tests\\\\screenshot\\\\2019-07-30_19_36_36_excepiton.png'",
    "steps" : [ ],
    "attachments" : [ {
      "uid" : "d2233a482d6a07c0",
      "name" : "log",
      "source" : "d2233a482d6a07c0.txt",
      "type" : "text/plain",
      "size" : 8198
    }, {
      "uid" : "a86cb4495c378d08",
      "name" : "stderr",
      "source" : "a86cb4495c378d08.txt",
      "type" : "text/plain",
      "size" : 1010
    } ],
    "parameters" : [ ],
    "stepsCount" : 0,
    "hasContent" : true,
    "attachmentsCount" : 2,
    "shouldDisplayMessage" : true
  },
  "afterStages" : [ {
    "name" : "multi_browser_driver::0",
    "time" : {
      "start" : 1564486596870,
      "stop" : 1564486599671,
      "duration" : 2801
    },
    "status" : "passed",
    "steps" : [ ],
    "attachments" : [ ],
    "parameters" : [ ],
    "stepsCount" : 0,
    "hasContent" : false,
    "attachmentsCount" : 0,
    "shouldDisplayMessage" : false
  } ],
  "labels" : [ {
    "name" : "feature",
    "value" : "test"
  }, {
    "name" : "tag",
    "value" : "test"
  }, {
    "name" : "parentSuite",
    "value" : "pc"
  }, {
    "name" : "suite",
    "value" : "test_cost_bill"
  }, {
    "name" : "subSuite"
  }, {
    "name" : "host",
    "value" : "W7-201707071701"
  }, {
    "name" : "thread",
    "value" : "12480-MainThread"
  }, {
    "name" : "framework",
    "value" : "pytest"
  }, {
    "name" : "language",
    "value" : "cpython3"
  }, {
    "name" : "package",
    "value" : "pc.test_cost_bill"
  }, {
    "name" : "resultFormat",
    "value" : "allure2"
  } ],
  "parameters" : [ {
    "name" : "multi_browser_driver",
    "value" : "'chrome'"
  } ],
  "links" : [ ],
  "hidden" : true,
  "retry" : true,
  "extra" : {
    "categories" : [ ],
    "tags" : [ "test" ]
  },
  "source" : "acabcf1096854c9a.json",
  "parameterValues" : [ "'chrome'" ]
}