{
  "uid" : "af4746aefe9284bb",
  "name" : "test_allure_report[chrome]",
  "fullName" : "pc.test_cost_bill#test_allure_report[chrome]",
  "historyId" : "55818c81663d44b0cef8c649e9c2873d",
  "time" : {
    "start" : 1564565846663,
    "stop" : 1564565948579,
    "duration" : 101916
  },
  "status" : "broken",
  "statusMessage" : "FileNotFoundError: [Errno 2] No such file or directory: 'D:\\\\django_study\\\\pytest_test_framework\\\\tests\\\\screenshot\\\\2019-07-31_17_39_07_excepiton.png'",
  "statusTrace" : "decorator.py:12: in wrapper\n    return func(*args, **kw)\npc\\test_cost_bill.py:615: in test_allure_report\n    assert result is not True, '登录失败！'\nE   AssertionError: 登录失败！\nE   assert True is not True\n\nDuring handling of the above exception, another exception occurred:\ndecorator.py:18: in wrapper\n    file = open(save, 'rb').read()\nE   FileNotFoundError: [Errno 2] No such file or directory: 'D:\\\\django_study\\\\pytest_test_framework\\\\tests\\\\screenshot\\\\2019-07-31_17_39_07_excepiton.png'",
  "flaky" : false,
  "newFailed" : false,
  "beforeStages" : [ {
    "name" : "__pytest_repeat_step_number",
    "time" : {
      "start" : 1564565842489,
      "stop" : 1564565842489,
      "duration" : 0
    },
    "status" : "passed",
    "steps" : [ ],
    "attachments" : [ ],
    "parameters" : [ ],
    "stepsCount" : 0,
    "hasContent" : false,
    "attachmentsCount" : 0,
    "shouldDisplayMessage" : false
  }, {
    "name" : "multi_browser_driver",
    "time" : {
      "start" : 1564565842489,
      "stop" : 1564565846662,
      "duration" : 4173
    },
    "status" : "passed",
    "steps" : [ ],
    "attachments" : [ ],
    "parameters" : [ ],
    "stepsCount" : 0,
    "hasContent" : false,
    "attachmentsCount" : 0,
    "shouldDisplayMessage" : false
  } ],
  "testStage" : {
    "status" : "broken",
    "statusMessage" : "FileNotFoundError: [Errno 2] No such file or directory: 'D:\\\\django_study\\\\pytest_test_framework\\\\tests\\\\screenshot\\\\2019-07-31_17_39_07_excepiton.png'",
    "statusTrace" : "decorator.py:12: in wrapper\n    return func(*args, **kw)\npc\\test_cost_bill.py:615: in test_allure_report\n    assert result is not True, '登录失败！'\nE   AssertionError: 登录失败！\nE   assert True is not True\n\nDuring handling of the above exception, another exception occurred:\ndecorator.py:18: in wrapper\n    file = open(save, 'rb').read()\nE   FileNotFoundError: [Errno 2] No such file or directory: 'D:\\\\django_study\\\\pytest_test_framework\\\\tests\\\\screenshot\\\\2019-07-31_17_39_07_excepiton.png'",
    "steps" : [ ],
    "attachments" : [ {
      "uid" : "7479bb8a20124810",
      "name" : "log",
      "source" : "7479bb8a20124810.txt",
      "type" : "text/plain",
      "size" : 12174
    }, {
      "uid" : "3b36a4e037304430",
      "name" : "stderr",
      "source" : "3b36a4e037304430.txt",
      "type" : "text/plain",
      "size" : 1010
    } ],
    "parameters" : [ ],
    "stepsCount" : 0,
    "hasContent" : true,
    "attachmentsCount" : 2,
    "shouldDisplayMessage" : true
  },
  "afterStages" : [ {
    "name" : "multi_browser_driver::0",
    "time" : {
      "start" : 1564565948608,
      "stop" : 1564565951379,
      "duration" : 2771
    },
    "status" : "passed",
    "steps" : [ ],
    "attachments" : [ ],
    "parameters" : [ ],
    "stepsCount" : 0,
    "hasContent" : false,
    "attachmentsCount" : 0,
    "shouldDisplayMessage" : false
  } ],
  "labels" : [ {
    "name" : "feature",
    "value" : "test"
  }, {
    "name" : "tag",
    "value" : "test"
  }, {
    "name" : "parentSuite",
    "value" : "pc"
  }, {
    "name" : "suite",
    "value" : "test_cost_bill"
  }, {
    "name" : "subSuite"
  }, {
    "name" : "host",
    "value" : "W7-201707071701"
  }, {
    "name" : "thread",
    "value" : "7616-MainThread"
  }, {
    "name" : "framework",
    "value" : "pytest"
  }, {
    "name" : "language",
    "value" : "cpython3"
  }, {
    "name" : "package",
    "value" : "pc.test_cost_bill"
  }, {
    "name" : "resultFormat",
    "value" : "allure2"
  } ],
  "parameters" : [ {
    "name" : "multi_browser_driver",
    "value" : "'chrome'"
  } ],
  "links" : [ ],
  "hidden" : true,
  "retry" : true,
  "extra" : {
    "categories" : [ ],
    "tags" : [ "test" ]
  },
  "source" : "af4746aefe9284bb.json",
  "parameterValues" : [ "'chrome'" ]
}