{
  "uid" : "df144925100c2ef0",
  "name" : "test_allure_report[chrome]",
  "fullName" : "pc.test_cost_bill#test_allure_report[chrome]",
  "historyId" : "55818c81663d44b0cef8c649e9c2873d",
  "time" : {
    "start" : 1564568193512,
    "stop" : 1564568263082,
    "duration" : 69570
  },
  "status" : "failed",
  "statusMessage" : "AssertionError: 登录失败！\nassert True is not True",
  "statusTrace" : "pc\\test_cost_bill.py:615: in test_allure_report\n    assert result is not True, '登录失败！'\nE   AssertionError: 登录失败！\nE   assert True is not True",
  "flaky" : false,
  "newFailed" : false,
  "beforeStages" : [ {
    "name" : "__pytest_repeat_step_number",
    "time" : {
      "start" : 1564568189477,
      "stop" : 1564568189477,
      "duration" : 0
    },
    "status" : "passed",
    "steps" : [ ],
    "attachments" : [ ],
    "parameters" : [ ],
    "stepsCount" : 0,
    "hasContent" : false,
    "attachmentsCount" : 0,
    "shouldDisplayMessage" : false
  }, {
    "name" : "multi_browser_driver",
    "time" : {
      "start" : 1564568189478,
      "stop" : 1564568193510,
      "duration" : 4032
    },
    "status" : "passed",
    "steps" : [ ],
    "attachments" : [ ],
    "parameters" : [ ],
    "stepsCount" : 0,
    "hasContent" : false,
    "attachmentsCount" : 0,
    "shouldDisplayMessage" : false
  } ],
  "testStage" : {
    "status" : "failed",
    "statusMessage" : "AssertionError: 登录失败！\nassert True is not True",
    "statusTrace" : "pc\\test_cost_bill.py:615: in test_allure_report\n    assert result is not True, '登录失败！'\nE   AssertionError: 登录失败！\nE   assert True is not True",
    "steps" : [ ],
    "attachments" : [ {
      "uid" : "8fd5691a0eeaaa5",
      "name" : "错误截图！",
      "source" : "8fd5691a0eeaaa5.png",
      "type" : "image/png",
      "size" : 159611
    }, {
      "uid" : "89a76b33a0267e70",
      "name" : "log",
      "source" : "89a76b33a0267e70.txt",
      "type" : "text/plain",
      "size" : 14362
    }, {
      "uid" : "da5774712a65495e",
      "name" : "stderr",
      "source" : "da5774712a65495e.txt",
      "type" : "text/plain",
      "size" : 1010
    } ],
    "parameters" : [ ],
    "stepsCount" : 0,
    "hasContent" : true,
    "attachmentsCount" : 3,
    "shouldDisplayMessage" : true
  },
  "afterStages" : [ {
    "name" : "multi_browser_driver::0",
    "time" : {
      "start" : 1564568263116,
      "stop" : 1564568265991,
      "duration" : 2875
    },
    "status" : "passed",
    "steps" : [ ],
    "attachments" : [ ],
    "parameters" : [ ],
    "stepsCount" : 0,
    "hasContent" : false,
    "attachmentsCount" : 0,
    "shouldDisplayMessage" : false
  } ],
  "labels" : [ {
    "name" : "feature",
    "value" : "test"
  }, {
    "name" : "tag",
    "value" : "test"
  }, {
    "name" : "parentSuite",
    "value" : "pc"
  }, {
    "name" : "suite",
    "value" : "test_cost_bill"
  }, {
    "name" : "subSuite"
  }, {
    "name" : "host",
    "value" : "W7-201707071701"
  }, {
    "name" : "thread",
    "value" : "7944-MainThread"
  }, {
    "name" : "framework",
    "value" : "pytest"
  }, {
    "name" : "language",
    "value" : "cpython3"
  }, {
    "name" : "package",
    "value" : "pc.test_cost_bill"
  }, {
    "name" : "resultFormat",
    "value" : "allure2"
  } ],
  "parameters" : [ {
    "name" : "multi_browser_driver",
    "value" : "'chrome'"
  } ],
  "links" : [ ],
  "hidden" : false,
  "retry" : false,
  "extra" : {
    "severity" : "normal",
    "retries" : [ {
      "uid" : "697646943d4feaac",
      "status" : "failed",
      "statusDetails" : "AssertionError: 登录失败！\nassert True is not True",
      "time" : {
        "start" : 1564566648216,
        "stop" : 1564566739930,
        "duration" : 91714
      }
    }, {
      "uid" : "af4746aefe9284bb",
      "status" : "broken",
      "statusDetails" : "FileNotFoundError: [Errno 2] No such file or directory: 'D:\\\\django_study\\\\pytest_test_framework\\\\tests\\\\screenshot\\\\2019-07-31_17_39_07_excepiton.png'",
      "time" : {
        "start" : 1564565846663,
        "stop" : 1564565948579,
        "duration" : 101916
      }
    }, {
      "uid" : "518a1c46a738c24a",
      "status" : "failed",
      "statusDetails" : "AssertionError: 登录失败！\nassert True is not True",
      "time" : {
        "start" : 1564486816033,
        "stop" : 1564486852461,
        "duration" : 36428
      }
    }, {
      "uid" : "acabcf1096854c9a",
      "status" : "broken",
      "statusDetails" : "FileNotFoundError: [Errno 2] No such file or directory: 'D:\\\\django_study\\\\pytest_test_framework\\\\tests\\\\screenshot\\\\2019-07-30_19_36_36_excepiton.png'",
      "time" : {
        "start" : 1564486559549,
        "stop" : 1564486596673,
        "duration" : 37124
      }
    } ],
    "categories" : [ {
      "name" : "Product defects",
      "matchedStatuses" : [ ],
      "flaky" : false
    } ],
    "history" : {
      "statistic" : {
        "failed" : 4,
        "broken" : 2,
        "skipped" : 0,
        "passed" : 0,
        "unknown" : 0,
        "total" : 6
      },
      "items" : [ {
        "uid" : "9a2d4356146bd071",
        "reportUrl" : "http://localhost:8080/jenkins/job/ykb_smoke_pytest/5/allure/#testresult/9a2d4356146bd071",
        "status" : "failed",
        "statusDetails" : "AssertionError: 登录失败！\nassert True is not True",
        "time" : {
          "start" : 1564566648216,
          "stop" : 1564566739930,
          "duration" : 91714
        }
      }, {
        "uid" : "9a0e4dba02d293d5",
        "reportUrl" : "http://localhost:8080/jenkins/job/ykb_smoke_pytest/4/allure/#testresult/9a0e4dba02d293d5",
        "status" : "broken",
        "statusDetails" : "FileNotFoundError: [Errno 2] No such file or directory: 'D:\\\\django_study\\\\pytest_test_framework\\\\tests\\\\screenshot\\\\2019-07-31_17_39_07_excepiton.png'",
        "time" : {
          "start" : 1564565846663,
          "stop" : 1564565948579,
          "duration" : 101916
        }
      }, {
        "uid" : "cd12559de4d13338",
        "reportUrl" : "http://localhost:8080/jenkins/job/ykb_smoke_pytest/3/allure/#testresult/cd12559de4d13338",
        "status" : "failed",
        "statusDetails" : "AssertionError: 登录失败！\nassert True is not True",
        "time" : {
          "start" : 1564486816033,
          "stop" : 1564486852461,
          "duration" : 36428
        }
      }, {
        "uid" : "1fa67f28c7f6d7c4",
        "reportUrl" : "http://localhost:8080/jenkins/job/ykb_smoke_pytest/2/allure/#testresult/1fa67f28c7f6d7c4",
        "status" : "failed",
        "statusDetails" : "AssertionError: 登录失败！\nassert True is not True",
        "time" : {
          "start" : 1564486816033,
          "stop" : 1564486852461,
          "duration" : 36428
        }
      }, {
        "uid" : "4080e1f9faf64cd5",
        "reportUrl" : "http://localhost:8080/jenkins/job/ykb_smoke_pytest/1/allure/#testresult/4080e1f9faf64cd5",
        "status" : "broken",
        "statusDetails" : "FileNotFoundError: [Errno 2] No such file or directory: 'D:\\\\django_study\\\\pytest_test_framework\\\\tests\\\\screenshot\\\\2019-07-30_19_36_36_excepiton.png'",
        "time" : {
          "start" : 1564486559549,
          "stop" : 1564486596673,
          "duration" : 37124
        }
      } ]
    },
    "tags" : [ "test" ]
  },
  "source" : "df144925100c2ef0.json",
  "parameterValues" : [ "'chrome'" ]
}